0:0:0:0:0:0:0:1 - - [02/אפר/2019:12:41:00 +0300] "GET /swagger HTTP/1.1" 200 1586 "-" "Mozilla/5.0 (Windows NT 10.0; Win64; x64) AppleWebKit/537.36 (KHTML, like Gecko) Chrome/72.0.3626.121 Safari/537.36"
0:0:0:0:0:0:0:1 - - [02/אפר/2019:12:41:00 +0300] "GET /swagger/static/swagger-ui-standalone-preset.js HTTP/1.1" 200 440850 "http://localhost:8080/swagger" "Mozilla/5.0 (Windows NT 10.0; Win64; x64) AppleWebKit/537.36 (KHTML, like Gecko) Chrome/72.0.3626.121 Safari/537.36"
0:0:0:0:0:0:0:1 - - [02/אפר/2019:12:41:00 +0300] "GET /swagger/static/swagger-ui.css HTTP/1.1" 200 154488 "http://localhost:8080/swagger" "Mozilla/5.0 (Windows NT 10.0; Win64; x64) AppleWebKit/537.36 (KHTML, like Gecko) Chrome/72.0.3626.121 Safari/537.36"
0:0:0:0:0:0:0:1 - - [02/אפר/2019:12:41:00 +0300] "GET /swagger/static/swagger-ui-bundle.js HTTP/1.1" 200 1448844 "http://localhost:8080/swagger" "Mozilla/5.0 (Windows NT 10.0; Win64; x64) AppleWebKit/537.36 (KHTML, like Gecko) Chrome/72.0.3626.121 Safari/537.36"
0:0:0:0:0:0:0:1 - - [02/אפר/2019:12:41:01 +0300] "GET /swagger/static/favicon-32x32.png HTTP/1.1" 200 1141 "http://localhost:8080/swagger" "Mozilla/5.0 (Windows NT 10.0; Win64; x64) AppleWebKit/537.36 (KHTML, like Gecko) Chrome/72.0.3626.121 Safari/537.36"
0:0:0:0:0:0:0:1 - - [02/אפר/2019:12:41:01 +0300] "GET /swagger/swagger.json HTTP/1.1" 200 4987 "http://localhost:8080/swagger" "Mozilla/5.0 (Windows NT 10.0; Win64; x64) AppleWebKit/537.36 (KHTML, like Gecko) Chrome/72.0.3626.121 Safari/537.36"
0:0:0:0:0:0:0:1 - - [02/אפר/2019:12:44:47 +0300] "GET /swagger HTTP/1.1" 200 1586 "-" "Mozilla/5.0 (Windows NT 10.0; Win64; x64) AppleWebKit/537.36 (KHTML, like Gecko) Chrome/72.0.3626.121 Safari/537.36"
0:0:0:0:0:0:0:1 - - [02/אפר/2019:12:44:48 +0300] "GET /swagger/swagger.json HTTP/1.1" 200 4987 "http://localhost:8080/swagger" "Mozilla/5.0 (Windows NT 10.0; Win64; x64) AppleWebKit/537.36 (KHTML, like Gecko) Chrome/72.0.3626.121 Safari/537.36"
0:0:0:0:0:0:0:1 - - [02/אפר/2019:12:45:03 +0300] "POST /investigation HTTP/1.1" 200 2 "http://localhost:8080/swagger" "Mozilla/5.0 (Windows NT 10.0; Win64; x64) AppleWebKit/537.36 (KHTML, like Gecko) Chrome/72.0.3626.121 Safari/537.36"
0:0:0:0:0:0:0:1 - - [02/אפר/2019:12:45:23 +0300] "GET /swagger HTTP/1.1" 200 1586 "-" "Mozilla/5.0 (Windows NT 10.0; Win64; x64) AppleWebKit/537.36 (KHTML, like Gecko) Chrome/72.0.3626.121 Safari/537.36"
0:0:0:0:0:0:0:1 - - [02/אפר/2019:12:45:23 +0300] "GET /swagger/static/swagger-ui.css HTTP/1.1" 200 154488 "http://localhost:8080/swagger" "Mozilla/5.0 (Windows NT 10.0; Win64; x64) AppleWebKit/537.36 (KHTML, like Gecko) Chrome/72.0.3626.121 Safari/537.36"
0:0:0:0:0:0:0:1 - - [02/אפר/2019:12:45:23 +0300] "GET /swagger/static/swagger-ui-bundle.js HTTP/1.1" 200 1448844 "http://localhost:8080/swagger" "Mozilla/5.0 (Windows NT 10.0; Win64; x64) AppleWebKit/537.36 (KHTML, like Gecko) Chrome/72.0.3626.121 Safari/537.36"
0:0:0:0:0:0:0:1 - - [02/אפר/2019:12:45:23 +0300] "GET /swagger/static/swagger-ui-standalone-preset.js HTTP/1.1" 200 440850 "http://localhost:8080/swagger" "Mozilla/5.0 (Windows NT 10.0; Win64; x64) AppleWebKit/537.36 (KHTML, like Gecko) Chrome/72.0.3626.121 Safari/537.36"
0:0:0:0:0:0:0:1 - - [02/אפר/2019:12:45:23 +0300] "GET /swagger/swagger.json HTTP/1.1" 200 4987 "http://localhost:8080/swagger" "Mozilla/5.0 (Windows NT 10.0; Win64; x64) AppleWebKit/537.36 (KHTML, like Gecko) Chrome/72.0.3626.121 Safari/537.36"
0:0:0:0:0:0:0:1 - - [02/אפר/2019:12:46:10 +0300] "GET /swagger HTTP/1.1" 200 1586 "-" "Mozilla/5.0 (Windows NT 10.0; Win64; x64) AppleWebKit/537.36 (KHTML, like Gecko) Chrome/72.0.3626.121 Safari/537.36"
0:0:0:0:0:0:0:1 - - [02/אפר/2019:12:46:10 +0300] "GET /swagger/static/swagger-ui.css HTTP/1.1" 200 154488 "http://localhost:8080/swagger" "Mozilla/5.0 (Windows NT 10.0; Win64; x64) AppleWebKit/537.36 (KHTML, like Gecko) Chrome/72.0.3626.121 Safari/537.36"
0:0:0:0:0:0:0:1 - - [02/אפר/2019:12:46:10 +0300] "GET /swagger/static/swagger-ui-bundle.js HTTP/1.1" 200 1448844 "http://localhost:8080/swagger" "Mozilla/5.0 (Windows NT 10.0; Win64; x64) AppleWebKit/537.36 (KHTML, like Gecko) Chrome/72.0.3626.121 Safari/537.36"
0:0:0:0:0:0:0:1 - - [02/אפר/2019:12:46:10 +0300] "GET /swagger/static/swagger-ui-standalone-preset.js HTTP/1.1" 200 440850 "http://localhost:8080/swagger" "Mozilla/5.0 (Windows NT 10.0; Win64; x64) AppleWebKit/537.36 (KHTML, like Gecko) Chrome/72.0.3626.121 Safari/537.36"
0:0:0:0:0:0:0:1 - - [02/אפר/2019:12:46:10 +0300] "GET /swagger/static/favicon-32x32.png HTTP/1.1" 200 1141 "http://localhost:8080/swagger" "Mozilla/5.0 (Windows NT 10.0; Win64; x64) AppleWebKit/537.36 (KHTML, like Gecko) Chrome/72.0.3626.121 Safari/537.36"
0:0:0:0:0:0:0:1 - - [02/אפר/2019:12:46:10 +0300] "GET /swagger/swagger.json HTTP/1.1" 200 4987 "http://localhost:8080/swagger" "Mozilla/5.0 (Windows NT 10.0; Win64; x64) AppleWebKit/537.36 (KHTML, like Gecko) Chrome/72.0.3626.121 Safari/537.36"
0:0:0:0:0:0:0:1 - - [02/אפר/2019:12:48:20 +0300] "GET /swagger HTTP/1.1" 200 1586 "-" "Mozilla/5.0 (Windows NT 10.0; Win64; x64) AppleWebKit/537.36 (KHTML, like Gecko) Chrome/72.0.3626.121 Safari/537.36"
0:0:0:0:0:0:0:1 - - [02/אפר/2019:12:48:20 +0300] "GET /swagger/static/swagger-ui-standalone-preset.js HTTP/1.1" 200 440850 "http://localhost:8080/swagger" "Mozilla/5.0 (Windows NT 10.0; Win64; x64) AppleWebKit/537.36 (KHTML, like Gecko) Chrome/72.0.3626.121 Safari/537.36"
0:0:0:0:0:0:0:1 - - [02/אפר/2019:12:48:20 +0300] "GET /swagger/static/swagger-ui.css HTTP/1.1" 200 154488 "http://localhost:8080/swagger" "Mozilla/5.0 (Windows NT 10.0; Win64; x64) AppleWebKit/537.36 (KHTML, like Gecko) Chrome/72.0.3626.121 Safari/537.36"
0:0:0:0:0:0:0:1 - - [02/אפר/2019:12:48:20 +0300] "GET /swagger/static/swagger-ui-bundle.js HTTP/1.1" 200 1448844 "http://localhost:8080/swagger" "Mozilla/5.0 (Windows NT 10.0; Win64; x64) AppleWebKit/537.36 (KHTML, like Gecko) Chrome/72.0.3626.121 Safari/537.36"
0:0:0:0:0:0:0:1 - - [02/אפר/2019:12:48:20 +0300] "GET /swagger/static/favicon-32x32.png HTTP/1.1" 200 1141 "http://localhost:8080/swagger" "Mozilla/5.0 (Windows NT 10.0; Win64; x64) AppleWebKit/537.36 (KHTML, like Gecko) Chrome/72.0.3626.121 Safari/537.36"
0:0:0:0:0:0:0:1 - - [02/אפר/2019:12:48:20 +0300] "GET /swagger/swagger.json HTTP/1.1" 200 4987 "http://localhost:8080/swagger" "Mozilla/5.0 (Windows NT 10.0; Win64; x64) AppleWebKit/537.36 (KHTML, like Gecko) Chrome/72.0.3626.121 Safari/537.36"
0:0:0:0:0:0:0:1 - - [02/אפר/2019:12:49:34 +0300] "GET /swagger HTTP/1.1" 200 1586 "-" "Mozilla/5.0 (Windows NT 10.0; Win64; x64) AppleWebKit/537.36 (KHTML, like Gecko) Chrome/72.0.3626.121 Safari/537.36"
0:0:0:0:0:0:0:1 - - [02/אפר/2019:12:49:34 +0300] "GET /swagger/static/swagger-ui-standalone-preset.js HTTP/1.1" 200 440850 "http://localhost:8080/swagger" "Mozilla/5.0 (Windows NT 10.0; Win64; x64) AppleWebKit/537.36 (KHTML, like Gecko) Chrome/72.0.3626.121 Safari/537.36"
0:0:0:0:0:0:0:1 - - [02/אפר/2019:12:49:34 +0300] "GET /swagger/static/swagger-ui.css HTTP/1.1" 200 154488 "http://localhost:8080/swagger" "Mozilla/5.0 (Windows NT 10.0; Win64; x64) AppleWebKit/537.36 (KHTML, like Gecko) Chrome/72.0.3626.121 Safari/537.36"
0:0:0:0:0:0:0:1 - - [02/אפר/2019:12:49:34 +0300] "GET /swagger/static/swagger-ui-bundle.js HTTP/1.1" 200 1448844 "http://localhost:8080/swagger" "Mozilla/5.0 (Windows NT 10.0; Win64; x64) AppleWebKit/537.36 (KHTML, like Gecko) Chrome/72.0.3626.121 Safari/537.36"
0:0:0:0:0:0:0:1 - - [02/אפר/2019:12:49:35 +0300] "GET /swagger/swagger.json HTTP/1.1" 200 4987 "http://localhost:8080/swagger" "Mozilla/5.0 (Windows NT 10.0; Win64; x64) AppleWebKit/537.36 (KHTML, like Gecko) Chrome/72.0.3626.121 Safari/537.36"
0:0:0:0:0:0:0:1 - - [02/אפר/2019:12:49:44 +0300] "GET /swagger HTTP/1.1" 200 1586 "-" "Mozilla/5.0 (Windows NT 10.0; Win64; x64) AppleWebKit/537.36 (KHTML, like Gecko) Chrome/72.0.3626.121 Safari/537.36"
0:0:0:0:0:0:0:1 - - [02/אפר/2019:12:49:45 +0300] "GET /swagger/swagger.json HTTP/1.1" 200 4987 "http://localhost:8080/swagger" "Mozilla/5.0 (Windows NT 10.0; Win64; x64) AppleWebKit/537.36 (KHTML, like Gecko) Chrome/72.0.3626.121 Safari/537.36"
0:0:0:0:0:0:0:1 - - [02/אפר/2019:12:49:49 +0300] "GET /swagger/swagger.json HTTP/1.1" 200 4987 "http://localhost:8080/swagger" "Mozilla/5.0 (Windows NT 10.0; Win64; x64) AppleWebKit/537.36 (KHTML, like Gecko) Chrome/72.0.3626.121 Safari/537.36"
0:0:0:0:0:0:0:1 - - [02/אפר/2019:12:49:49 +0300] "GET /favicon.ico HTTP/1.1" 405 85 "http://localhost:8080/swagger/swagger.json" "Mozilla/5.0 (Windows NT 10.0; Win64; x64) AppleWebKit/537.36 (KHTML, like Gecko) Chrome/72.0.3626.121 Safari/537.36"
0:0:0:0:0:0:0:1 - - [02/אפר/2019:12:52:27 +0300] "GET /swagger HTTP/1.1" 200 1586 "-" "Mozilla/5.0 (Windows NT 10.0; Win64; x64) AppleWebKit/537.36 (KHTML, like Gecko) Chrome/72.0.3626.121 Safari/537.36"
0:0:0:0:0:0:0:1 - - [02/אפר/2019:12:52:27 +0300] "GET /swagger/static/swagger-ui.css HTTP/1.1" 200 154488 "http://localhost:8080/swagger" "Mozilla/5.0 (Windows NT 10.0; Win64; x64) AppleWebKit/537.36 (KHTML, like Gecko) Chrome/72.0.3626.121 Safari/537.36"
0:0:0:0:0:0:0:1 - - [02/אפר/2019:12:52:27 +0300] "GET /swagger/static/swagger-ui-standalone-preset.js HTTP/1.1" 200 440850 "http://localhost:8080/swagger" "Mozilla/5.0 (Windows NT 10.0; Win64; x64) AppleWebKit/537.36 (KHTML, like Gecko) Chrome/72.0.3626.121 Safari/537.36"
0:0:0:0:0:0:0:1 - - [02/אפר/2019:12:52:27 +0300] "GET /swagger/static/swagger-ui-bundle.js HTTP/1.1" 200 1448844 "http://localhost:8080/swagger" "Mozilla/5.0 (Windows NT 10.0; Win64; x64) AppleWebKit/537.36 (KHTML, like Gecko) Chrome/72.0.3626.121 Safari/537.36"
0:0:0:0:0:0:0:1 - - [02/אפר/2019:12:52:28 +0300] "GET /swagger/static/favicon-32x32.png HTTP/1.1" 200 1141 "http://localhost:8080/swagger" "Mozilla/5.0 (Windows NT 10.0; Win64; x64) AppleWebKit/537.36 (KHTML, like Gecko) Chrome/72.0.3626.121 Safari/537.36"
0:0:0:0:0:0:0:1 - - [02/אפר/2019:12:52:28 +0300] "GET /swagger/swagger.json HTTP/1.1" 200 4987 "http://localhost:8080/swagger" "Mozilla/5.0 (Windows NT 10.0; Win64; x64) AppleWebKit/537.36 (KHTML, like Gecko) Chrome/72.0.3626.121 Safari/537.36"
0:0:0:0:0:0:0:1 - - [02/אפר/2019:12:55:15 +0300] "GET /favicon.ico HTTP/1.1" 405 85 "http://localhost:8080/swagger/swagger.json" "Mozilla/5.0 (Windows NT 10.0; Win64; x64) AppleWebKit/537.36 (KHTML, like Gecko) Chrome/72.0.3626.121 Safari/537.36"
0:0:0:0:0:0:0:1 - - [02/אפר/2019:12:55:15 +0300] "GET /swagger/swagger.json HTTP/1.1" 200 4987 "http://localhost:8080/swagger" "Mozilla/5.0 (Windows NT 10.0; Win64; x64) AppleWebKit/537.36 (KHTML, like Gecko) Chrome/72.0.3626.121 Safari/537.36"
0:0:0:0:0:0:0:1 - - [02/אפר/2019:12:55:19 +0300] "GET /swagger HTTP/1.1" 200 1586 "-" "Mozilla/5.0 (Windows NT 10.0; Win64; x64) AppleWebKit/537.36 (KHTML, like Gecko) Chrome/72.0.3626.121 Safari/537.36"
0:0:0:0:0:0:0:1 - - [02/אפר/2019:12:55:20 +0300] "GET /swagger/swagger.json HTTP/1.1" 200 4987 "http://localhost:8080/swagger" "Mozilla/5.0 (Windows NT 10.0; Win64; x64) AppleWebKit/537.36 (KHTML, like Gecko) Chrome/72.0.3626.121 Safari/537.36"
0:0:0:0:0:0:0:1 - - [02/אפר/2019:13:00:56 +0300] "GET / HTTP/1.1" 405 640 "-" "Mozilla/5.0 (Windows NT 10.0; Win64; x64) AppleWebKit/537.36 (KHTML, like Gecko) Chrome/72.0.3626.121 Safari/537.36"
0:0:0:0:0:0:0:1 - - [02/אפר/2019:13:00:56 +0300] "GET /favicon.ico HTTP/1.1" 405 85 "http://localhost:8080/" "Mozilla/5.0 (Windows NT 10.0; Win64; x64) AppleWebKit/537.36 (KHTML, like Gecko) Chrome/72.0.3626.121 Safari/537.36"
0:0:0:0:0:0:0:1 - - [02/אפר/2019:13:01:02 +0300] "GET /swagger HTTP/1.1" 200 1586 "-" "Mozilla/5.0 (Windows NT 10.0; Win64; x64) AppleWebKit/537.36 (KHTML, like Gecko) Chrome/72.0.3626.121 Safari/537.36"
0:0:0:0:0:0:0:1 - - [02/אפר/2019:13:01:02 +0300] "GET /swagger/swagger.json HTTP/1.1" 200 5239 "http://localhost:8080/swagger" "Mozilla/5.0 (Windows NT 10.0; Win64; x64) AppleWebKit/537.36 (KHTML, like Gecko) Chrome/72.0.3626.121 Safari/537.36"
0:0:0:0:0:0:0:1 - - [02/אפר/2019:13:01:14 +0300] "POST /investigation HTTP/1.1" 500 136 "http://localhost:8080/swagger" "Mozilla/5.0 (Windows NT 10.0; Win64; x64) AppleWebKit/537.36 (KHTML, like Gecko) Chrome/72.0.3626.121 Safari/537.36"
0:0:0:0:0:0:0:1 - - [02/אפר/2019:13:02:53 +0300] "POST /investigation HTTP/1.1" 500 579 "http://localhost:8080/swagger" "Mozilla/5.0 (Windows NT 10.0; Win64; x64) AppleWebKit/537.36 (KHTML, like Gecko) Chrome/72.0.3626.121 Safari/537.36"
0:0:0:0:0:0:0:1 - - [02/אפר/2019:13:03:41 +0300] "POST /investigation HTTP/1.1" 500 136 "http://localhost:8080/swagger" "Mozilla/5.0 (Windows NT 10.0; Win64; x64) AppleWebKit/537.36 (KHTML, like Gecko) Chrome/72.0.3626.121 Safari/537.36"
0:0:0:0:0:0:0:1 - - [02/אפר/2019:13:07:39 +0300] "POST /investigation HTTP/1.1" 201 230 "http://localhost:8080/swagger" "Mozilla/5.0 (Windows NT 10.0; Win64; x64) AppleWebKit/537.36 (KHTML, like Gecko) Chrome/72.0.3626.121 Safari/537.36"
0:0:0:0:0:0:0:1 - - [02/אפר/2019:13:08:44 +0300] "GET /investigations HTTP/1.1" 200 232 "http://localhost:8080/swagger" "Mozilla/5.0 (Windows NT 10.0; Win64; x64) AppleWebKit/537.36 (KHTML, like Gecko) Chrome/72.0.3626.121 Safari/537.36"
0:0:0:0:0:0:0:1 - - [02/אפר/2019:13:17:43 +0300] "GET /swagger HTTP/1.1" 200 1586 "-" "Mozilla/5.0 (Windows NT 10.0; Win64; x64) AppleWebKit/537.36 (KHTML, like Gecko) Chrome/72.0.3626.121 Safari/537.36"
0:0:0:0:0:0:0:1 - - [02/אפר/2019:13:17:43 +0300] "GET /swagger/swagger.json HTTP/1.1" 200 5239 "http://localhost:8080/swagger" "Mozilla/5.0 (Windows NT 10.0; Win64; x64) AppleWebKit/537.36 (KHTML, like Gecko) Chrome/72.0.3626.121 Safari/537.36"
0:0:0:0:0:0:0:1 - - [02/אפר/2019:13:18:45 +0300] "GET /swagger HTTP/1.1" 200 1586 "-" "Mozilla/5.0 (Windows NT 10.0; Win64; x64) AppleWebKit/537.36 (KHTML, like Gecko) Chrome/72.0.3626.121 Safari/537.36"
0:0:0:0:0:0:0:1 - - [02/אפר/2019:13:18:45 +0300] "GET /swagger/swagger.json HTTP/1.1" 200 5239 "http://localhost:8080/swagger" "Mozilla/5.0 (Windows NT 10.0; Win64; x64) AppleWebKit/537.36 (KHTML, like Gecko) Chrome/72.0.3626.121 Safari/537.36"
0:0:0:0:0:0:0:1 - - [02/אפר/2019:13:21:47 +0300] "GET /swagger HTTP/1.1" 200 1586 "-" "Mozilla/5.0 (Windows NT 10.0; Win64; x64) AppleWebKit/537.36 (KHTML, like Gecko) Chrome/72.0.3626.121 Safari/537.36"
0:0:0:0:0:0:0:1 - - [02/אפר/2019:13:21:47 +0300] "GET /swagger/static/swagger-ui-standalone-preset.js HTTP/1.1" 200 440850 "http://localhost:8080/swagger" "Mozilla/5.0 (Windows NT 10.0; Win64; x64) AppleWebKit/537.36 (KHTML, like Gecko) Chrome/72.0.3626.121 Safari/537.36"
0:0:0:0:0:0:0:1 - - [02/אפר/2019:13:21:47 +0300] "GET /swagger/static/swagger-ui.css HTTP/1.1" 200 154488 "http://localhost:8080/swagger" "Mozilla/5.0 (Windows NT 10.0; Win64; x64) AppleWebKit/537.36 (KHTML, like Gecko) Chrome/72.0.3626.121 Safari/537.36"
0:0:0:0:0:0:0:1 - - [02/אפר/2019:13:21:47 +0300] "GET /swagger/static/swagger-ui-bundle.js HTTP/1.1" 200 1448844 "http://localhost:8080/swagger" "Mozilla/5.0 (Windows NT 10.0; Win64; x64) AppleWebKit/537.36 (KHTML, like Gecko) Chrome/72.0.3626.121 Safari/537.36"
0:0:0:0:0:0:0:1 - - [02/אפר/2019:13:21:48 +0300] "GET /swagger/swagger.json HTTP/1.1" 200 5239 "http://localhost:8080/swagger" "Mozilla/5.0 (Windows NT 10.0; Win64; x64) AppleWebKit/537.36 (KHTML, like Gecko) Chrome/72.0.3626.121 Safari/537.36"
0:0:0:0:0:0:0:1 - - [02/אפר/2019:13:22:30 +0300] "GET /investigations HTTP/1.1" 200 2 "http://localhost:8080/swagger" "Mozilla/5.0 (Windows NT 10.0; Win64; x64) AppleWebKit/537.36 (KHTML, like Gecko) Chrome/72.0.3626.121 Safari/537.36"
0:0:0:0:0:0:0:1 - - [02/אפר/2019:13:22:37 +0300] "POST /investigation HTTP/1.1" 201 172 "http://localhost:8080/swagger" "Mozilla/5.0 (Windows NT 10.0; Win64; x64) AppleWebKit/537.36 (KHTML, like Gecko) Chrome/72.0.3626.121 Safari/537.36"
0:0:0:0:0:0:0:1 - - [02/אפר/2019:13:24:13 +0300] "POST /investigation HTTP/1.1" 201 230 "-" "Mozilla/5.0 (Windows NT 10.0; Win64; x64) AppleWebKit/537.36 (KHTML, like Gecko) Chrome/72.0.3626.121 Safari/537.36"
0:0:0:0:0:0:0:1 - - [02/אפר/2019:13:24:47 +0300] "GET /investigations HTTP/1.1" 200 405 "-" "Mozilla/5.0 (Windows NT 10.0; Win64; x64) AppleWebKit/537.36 (KHTML, like Gecko) Chrome/72.0.3626.121 Safari/537.36"
0:0:0:0:0:0:0:1 - - [02/אפר/2019:14:31:16 +0300] "POST /investigation HTTP/1.1" 201 230 "-" "Mozilla/5.0 (Windows NT 10.0; Win64; x64) AppleWebKit/537.36 (KHTML, like Gecko) Chrome/72.0.3626.121 Safari/537.36"
0:0:0:0:0:0:0:1 - - [02/אפר/2019:14:31:22 +0300] "GET /investigations HTTP/1.1" 200 232 "-" "Mozilla/5.0 (Windows NT 10.0; Win64; x64) AppleWebKit/537.36 (KHTML, like Gecko) Chrome/72.0.3626.121 Safari/537.36"
0:0:0:0:0:0:0:1 - - [02/אפר/2019:14:33:31 +0300] "GET /investigation/1/scrape HTTP/1.1" 404 608 "-" "Mozilla/5.0 (Windows NT 10.0; Win64; x64) AppleWebKit/537.36 (KHTML, like Gecko) Chrome/72.0.3626.121 Safari/537.36"
0:0:0:0:0:0:0:1 - - [02/אפר/2019:14:34:28 +0300] "GET /investigation/1/scrape HTTP/1.1" 404 608 "-" "Mozilla/5.0 (Windows NT 10.0; Win64; x64) AppleWebKit/537.36 (KHTML, like Gecko) Chrome/72.0.3626.121 Safari/537.36"
0:0:0:0:0:0:0:1 - - [02/אפר/2019:14:34:39 +0300] "GET /investigation/1/scrape HTTP/1.1" 404 608 "-" "Mozilla/5.0 (Windows NT 10.0; Win64; x64) AppleWebKit/537.36 (KHTML, like Gecko) Chrome/72.0.3626.121 Safari/537.36"
0:0:0:0:0:0:0:1 - - [02/אפר/2019:14:36:24 +0300] "GET /investigation/1/scrape HTTP/1.1" 404 608 "-" "Mozilla/5.0 (Windows NT 10.0; Win64; x64) AppleWebKit/537.36 (KHTML, like Gecko) Chrome/72.0.3626.121 Safari/537.36"
0:0:0:0:0:0:0:1 - - [02/אפר/2019:14:36:30 +0300] "GET /investigation/1/scrape HTTP/1.1" 404 608 "-" "Mozilla/5.0 (Windows NT 10.0; Win64; x64) AppleWebKit/537.36 (KHTML, like Gecko) Chrome/72.0.3626.121 Safari/537.36"
0:0:0:0:0:0:0:1 - - [02/אפר/2019:14:37:39 +0300] "POST /investigation HTTP/1.1" 201 230 "-" "Mozilla/5.0 (Windows NT 10.0; Win64; x64) AppleWebKit/537.36 (KHTML, like Gecko) Chrome/72.0.3626.121 Safari/537.36"
0:0:0:0:0:0:0:1 - - [02/אפר/2019:14:37:42 +0300] "GET /investigations HTTP/1.1" 200 232 "-" "Mozilla/5.0 (Windows NT 10.0; Win64; x64) AppleWebKit/537.36 (KHTML, like Gecko) Chrome/72.0.3626.121 Safari/537.36"
0:0:0:0:0:0:0:1 - - [02/אפר/2019:14:37:45 +0300] "GET /investigation/1/scrape HTTP/1.1" 200 22 "-" "Mozilla/5.0 (Windows NT 10.0; Win64; x64) AppleWebKit/537.36 (KHTML, like Gecko) Chrome/72.0.3626.121 Safari/537.36"
